
> vue-template@0.0.0 dev
> vite

node:internal/modules/esm/resolve:274
    throw new ERR_MODULE_NOT_FOUND(
          ^

Error [ERR_MODULE_NOT_FOUND]: Cannot find module '/Users/superman/hugewater-milkyway/dev/bigwater-ui/vue3/node_modules/dist/node/cli.js' imported from /Users/superman/hugewater-milkyway/dev/bigwater-ui/vue3/node_modules/.bin/vite
    at finalizeResolution (node:internal/modules/esm/resolve:274:11)
    at moduleResolve (node:internal/modules/esm/resolve:864:10)
    at defaultResolve (node:internal/modules/esm/resolve:990:11)
    at #cachedDefaultResolve (node:internal/modules/esm/loader:735:20)
    at ModuleLoader.resolve (node:internal/modules/esm/loader:712:38)
    at ModuleLoader.getModuleJobForImport (node:internal/modules/esm/loader:310:38)
    at onImport.tracePromise.__proto__ (node:internal/modules/esm/loader:663:36)
    at TracingChannel.tracePromise (node:diagnostics_channel:344:14)
    at ModuleLoader.import (node:internal/modules/esm/loader:662:21)
    at defaultImportModuleDynamicallyForModule (node:internal/modules/esm/utils:229:31) {
  code: 'ERR_MODULE_NOT_FOUND',
  url: 'file:///Users/superman/hugewater-milkyway/dev/bigwater-ui/vue3/node_modules/dist/node/cli.js'
}

Node.js v24.6.0
